<?xml version="1.0" encoding="UTF-8"?>
<!-- Generated by org.testng.reporters.JUnitReportReporter -->
<testsuite skipped="0" hostname="kirans-MacAir.local" name="com.mvnproj.mproj.NewTest" tests="1" failures="0" timestamp="14 May 2019 14:36:28 GMT" time="0.055" errors="0">
  <testcase name="firstTest" time="0.055" classname="com.mvnproj.mproj.NewTest"/>
</testsuite> <!-- com.mvnproj.mproj.NewTest -->
